<?xml version="1.0" encoding="UTF-8"?>
<coverage generated="1775789285813" clover="3.2.0">
  <project timestamp="1775789285813" name="All files">
    <metrics statements="81" coveredstatements="68" conditionals="26" coveredconditionals="20" methods="24" coveredmethods="19" elements="131" coveredelements="107" complexity="0" loc="81" ncloc="81" packages="1" files="2" classes="2"/>
    <file name="salesForm.schema.ts" path="D:\Oscar\Inventario-CoffeeSurreal\src\salesForm.schema.ts">
      <metrics statements="14" coveredstatements="14" conditionals="8" coveredconditionals="8" methods="4" coveredmethods="4"/>
      <line num="45" count="1" type="stmt"/>
      <line num="49" count="1" type="stmt"/>
      <line num="56" count="1" type="stmt"/>
      <line num="137" count="8" type="stmt"/>
      <line num="139" count="1" type="stmt"/>
      <line num="142" count="9" type="cond" truecount="2" falsecount="0"/>
      <line num="150" count="9" type="cond" truecount="2" falsecount="0"/>
      <line num="151" count="7" type="stmt"/>
      <line num="155" count="1" type="stmt"/>
      <line num="180" count="1" type="stmt"/>
      <line num="184" count="1" type="stmt"/>
      <line num="195" count="1" type="stmt"/>
      <line num="199" count="6" type="cond" truecount="4" falsecount="0"/>
      <line num="200" count="3" type="stmt"/>
    </file>
    <file name="useSyncQueue.ts" path="D:\Oscar\Inventario-CoffeeSurreal\src\useSyncQueue.ts">
      <metrics statements="67" coveredstatements="54" conditionals="18" coveredconditionals="12" methods="20" coveredmethods="15"/>
      <line num="32" count="1" type="stmt"/>
      <line num="33" count="1" type="stmt"/>
      <line num="34" count="1" type="stmt"/>
      <line num="39" count="1" type="stmt"/>
      <line num="48" count="0" type="cond" truecount="0" falsecount="2"/>
      <line num="49" count="0" type="stmt"/>
      <line num="50" count="0" type="stmt"/>
      <line num="57" count="10" type="stmt"/>
      <line num="58" count="10" type="stmt"/>
      <line num="59" count="10" type="cond" truecount="2" falsecount="0"/>
      <line num="61" count="0" type="stmt"/>
      <line num="66" count="2" type="stmt"/>
      <line num="72" count="11" type="stmt"/>
      <line num="73" count="11" type="stmt"/>
      <line num="74" count="11" type="stmt"/>
      <line num="77" count="11" type="stmt"/>
      <line num="80" count="11" type="stmt"/>
      <line num="81" count="5" type="stmt"/>
      <line num="82" count="5" type="stmt"/>
      <line num="87" count="11" type="stmt"/>
      <line num="88" count="4" type="cond" truecount="1" falsecount="1"/>
      <line num="89" count="4" type="stmt"/>
      <line num="90" count="4" type="stmt"/>
      <line num="92" count="4" type="stmt"/>
      <line num="93" count="4" type="stmt"/>
      <line num="94" count="4" type="stmt"/>
      <line num="95" count="1" type="cond" truecount="2" falsecount="0"/>
      <line num="98" count="4" type="cond" truecount="2" falsecount="0"/>
      <line num="100" count="1" type="stmt"/>
      <line num="102" count="1" type="stmt"/>
      <line num="103" count="1" type="stmt"/>
      <line num="104" count="1" type="stmt"/>
      <line num="108" count="1" type="stmt"/>
      <line num="109" count="1" type="stmt"/>
      <line num="111" count="1" type="stmt"/>
      <line num="112" count="1" type="stmt"/>
      <line num="115" count="0" type="stmt"/>
      <line num="116" count="0" type="stmt"/>
      <line num="119" count="0" type="stmt"/>
      <line num="120" count="0" type="stmt"/>
      <line num="126" count="0" type="stmt"/>
      <line num="129" count="0" type="stmt"/>
      <line num="133" count="0" type="stmt"/>
      <line num="134" count="0" type="stmt"/>
      <line num="135" count="0" type="stmt"/>
      <line num="138" count="3" type="stmt"/>
      <line num="139" count="3" type="stmt"/>
      <line num="144" count="11" type="stmt"/>
      <line num="145" count="5" type="stmt"/>
      <line num="147" count="5" type="cond" truecount="2" falsecount="0"/>
      <line num="148" count="5" type="stmt"/>
      <line num="151" count="5" type="cond" truecount="2" falsecount="0"/>
      <line num="152" count="3" type="stmt"/>
      <line num="156" count="5" type="stmt"/>
      <line num="160" count="11" type="stmt"/>
      <line num="162" count="1" type="stmt"/>
      <line num="163" count="1" type="stmt"/>
      <line num="168" count="1" type="stmt"/>
      <line num="169" count="1" type="stmt"/>
      <line num="170" count="1" type="stmt"/>
      <line num="173" count="1" type="cond" truecount="1" falsecount="1"/>
      <line num="174" count="1" type="stmt"/>
      <line num="181" count="11" type="stmt"/>
      <line num="183" count="11" type="stmt"/>
      <line num="184" count="1" type="stmt"/>
      <line num="185" count="1" type="stmt"/>
      <line num="188" count="11" type="stmt"/>
    </file>
  </project>
</coverage>
