{"D:\\Oscar\\Inventario-CoffeeSurreal\\src\\salesForm.schema.ts": {"path":"D:\\Oscar\\Inventario-CoffeeSurreal\\src\\salesForm.schema.ts","statementMap":{"0":{"start":{"line":45,"column":38},"end":{"line":47,"column":1}},"1":{"start":{"line":49,"column":38},"end":{"line":51,"column":1}},"2":{"start":{"line":56,"column":32},"end":{"line":132,"column":10}},"3":{"start":{"line":137,"column":12},"end":{"line":137,"column":64}},"4":{"start":{"line":137,"column":26},"end":{"line":137,"column":64}},"5":{"start":{"line":139,"column":27},"end":{"line":153,"column":2}},"6":{"start":{"line":142,"column":23},"end":{"line":142,"column":47}},"7":{"start":{"line":150,"column":6},"end":{"line":150,"column":31}},"8":{"start":{"line":150,"column":18},"end":{"line":150,"column":31}},"9":{"start":{"line":151,"column":6},"end":{"line":151,"column":28}},"10":{"start":{"line":155,"column":27},"end":{"line":177,"column":2}},"11":{"start":{"line":180,"column":30},"end":{"line":180,"column":61}},"12":{"start":{"line":184,"column":45},"end":{"line":191,"column":1}},"13":{"start":{"line":195,"column":34},"end":{"line":201,"column":1}},"14":{"start":{"line":199,"column":2},"end":{"line":199,"column":37}},"15":{"start":{"line":199,"column":28},"end":{"line":199,"column":37}},"16":{"start":{"line":200,"column":2},"end":{"line":200,"column":67}}},"fnMap":{"0":{"name":"(anonymous_0)","decl":{"start":{"line":137,"column":12},"end":{"line":137,"column":13}},"loc":{"start":{"line":137,"column":26},"end":{"line":137,"column":64}},"line":137},"1":{"name":"(anonymous_1)","decl":{"start":{"line":142,"column":15},"end":{"line":142,"column":16}},"loc":{"start":{"line":142,"column":23},"end":{"line":142,"column":47}},"line":142},"2":{"name":"(anonymous_2)","decl":{"start":{"line":149,"column":55},"end":{"line":149,"column":56}},"loc":{"start":{"line":149,"column":66},"end":{"line":152,"column":5}},"line":149},"3":{"name":"(anonymous_3)","decl":{"start":{"line":195,"column":34},"end":{"line":195,"column":35}},"loc":{"start":{"line":198,"column":13},"end":{"line":201,"column":1}},"line":198}},"branchMap":{"0":{"loc":{"start":{"line":142,"column":23},"end":{"line":142,"column":47}},"type":"cond-expr","locations":[{"start":{"line":142,"column":34},"end":{"line":142,"column":43}},{"start":{"line":142,"column":46},"end":{"line":142,"column":47}}],"line":142},"1":{"loc":{"start":{"line":150,"column":6},"end":{"line":150,"column":31}},"type":"if","locations":[{"start":{"line":150,"column":6},"end":{"line":150,"column":31}},{"start":{},"end":{}}],"line":150},"2":{"loc":{"start":{"line":199,"column":2},"end":{"line":199,"column":37}},"type":"if","locations":[{"start":{"line":199,"column":2},"end":{"line":199,"column":37}},{"start":{},"end":{}}],"line":199},"3":{"loc":{"start":{"line":199,"column":6},"end":{"line":199,"column":26}},"type":"binary-expr","locations":[{"start":{"line":199,"column":6},"end":{"line":199,"column":13}},{"start":{"line":199,"column":17},"end":{"line":199,"column":26}}],"line":199}},"s":{"0":1,"1":1,"2":1,"3":1,"4":8,"5":1,"6":9,"7":9,"8":2,"9":7,"10":1,"11":1,"12":1,"13":1,"14":6,"15":3,"16":3},"f":{"0":8,"1":9,"2":9,"3":6},"b":{"0":[2,7],"1":[2,7],"2":[3,3],"3":[6,4]},"_coverageSchema":"1a1c01bbd47fc00a2c39e90264f33305004495a9","hash":"b93d0a91d34d3a4adddc9a7dbffce18a104e1f27"}
,"D:\\Oscar\\Inventario-CoffeeSurreal\\src\\useSyncQueue.ts": {"path":"D:\\Oscar\\Inventario-CoffeeSurreal\\src\\useSyncQueue.ts","statementMap":{"0":{"start":{"line":32,"column":26},"end":{"line":32,"column":45}},"1":{"start":{"line":33,"column":20},"end":{"line":33,"column":21}},"2":{"start":{"line":34,"column":23},"end":{"line":34,"column":27}},"3":{"start":{"line":39,"column":19},"end":{"line":46,"column":4}},"4":{"start":{"line":48,"column":2},"end":{"line":51,"column":3}},"5":{"start":{"line":49,"column":22},"end":{"line":49,"column":43}},"6":{"start":{"line":50,"column":4},"end":{"line":50,"column":61}},"7":{"start":{"line":57,"column":2},"end":{"line":62,"column":3}},"8":{"start":{"line":58,"column":16},"end":{"line":58,"column":61}},"9":{"start":{"line":59,"column":4},"end":{"line":59,"column":55}},"10":{"start":{"line":61,"column":4},"end":{"line":61,"column":14}},"11":{"start":{"line":66,"column":2},"end":{"line":66,"column":71}},"12":{"start":{"line":72,"column":34},"end":{"line":72,"column":48}},"13":{"start":{"line":73,"column":36},"end":{"line":73,"column":51}},"14":{"start":{"line":74,"column":42},"end":{"line":74,"column":53}},"15":{"start":{"line":77,"column":21},"end":{"line":77,"column":34}},"16":{"start":{"line":80,"column":2},"end":{"line":84,"column":9}},"17":{"start":{"line":81,"column":4},"end":{"line":83,"column":7}},"18":{"start":{"line":82,"column":6},"end":{"line":82,"column":70}},"19":{"start":{"line":82,"column":38},"end":{"line":82,"column":60}},"20":{"start":{"line":87,"column":20},"end":{"line":141,"column":8}},"21":{"start":{"line":88,"column":4},"end":{"line":88,"column":35}},"22":{"start":{"line":88,"column":28},"end":{"line":88,"column":35}},"23":{"start":{"line":89,"column":4},"end":{"line":89,"column":30}},"24":{"start":{"line":90,"column":4},"end":{"line":90,"column":23}},"25":{"start":{"line":92,"column":4},"end":{"line":140,"column":5}},"26":{"start":{"line":93,"column":20},"end":{"line":93,"column":37}},"27":{"start":{"line":94,"column":22},"end":{"line":96,"column":7}},"28":{"start":{"line":95,"column":18},"end":{"line":95,"column":73}},"29":{"start":{"line":98,"column":6},"end":{"line":98,"column":39}},"30":{"start":{"line":98,"column":32},"end":{"line":98,"column":39}},"31":{"start":{"line":100,"column":27},"end":{"line":100,"column":37}},"32":{"start":{"line":102,"column":6},"end":{"line":131,"column":7}},"33":{"start":{"line":103,"column":22},"end":{"line":105,"column":9}},"34":{"start":{"line":104,"column":17},"end":{"line":104,"column":43}},"35":{"start":{"line":108,"column":8},"end":{"line":108,"column":61}},"36":{"start":{"line":109,"column":8},"end":{"line":109,"column":38}},"37":{"start":{"line":111,"column":8},"end":{"line":130,"column":9}},"38":{"start":{"line":112,"column":10},"end":{"line":112,"column":41}},"39":{"start":{"line":115,"column":10},"end":{"line":115,"column":40}},"40":{"start":{"line":116,"column":10},"end":{"line":116,"column":40}},"41":{"start":{"line":119,"column":29},"end":{"line":119,"column":45}},"42":{"start":{"line":120,"column":10},"end":{"line":125,"column":12}},"43":{"start":{"line":126,"column":10},"end":{"line":126,"column":40}},"44":{"start":{"line":129,"column":10},"end":{"line":129,"column":84}},"45":{"start":{"line":129,"column":43},"end":{"line":129,"column":82}},"46":{"start":{"line":129,"column":60},"end":{"line":129,"column":65}},"47":{"start":{"line":133,"column":25},"end":{"line":133,"column":42}},"48":{"start":{"line":134,"column":6},"end":{"line":136,"column":8}},"49":{"start":{"line":135,"column":33},"end":{"line":135,"column":55}},"50":{"start":{"line":138,"column":6},"end":{"line":138,"column":33}},"51":{"start":{"line":139,"column":6},"end":{"line":139,"column":26}},"52":{"start":{"line":144,"column":2},"end":{"line":157,"column":18}},"53":{"start":{"line":145,"column":24},"end":{"line":154,"column":6}},"54":{"start":{"line":147,"column":8},"end":{"line":147,"column":72}},"55":{"start":{"line":148,"column":6},"end":{"line":148,"column":26}},"56":{"start":{"line":151,"column":6},"end":{"line":153,"column":7}},"57":{"start":{"line":152,"column":8},"end":{"line":152,"column":20}},"58":{"start":{"line":156,"column":4},"end":{"line":156,"column":31}},"59":{"start":{"line":156,"column":17},"end":{"line":156,"column":30}},"60":{"start":{"line":160,"column":21},"end":{"line":178,"column":3}},"61":{"start":{"line":162,"column":20},"end":{"line":162,"column":37}},"62":{"start":{"line":163,"column":33},"end":{"line":167,"column":7}},"63":{"start":{"line":168,"column":27},"end":{"line":168,"column":46}},"64":{"start":{"line":169,"column":6},"end":{"line":169,"column":36}},"65":{"start":{"line":170,"column":6},"end":{"line":170,"column":81}},"66":{"start":{"line":170,"column":49},"end":{"line":170,"column":71}},"67":{"start":{"line":173,"column":6},"end":{"line":175,"column":7}},"68":{"start":{"line":174,"column":8},"end":{"line":174,"column":20}},"69":{"start":{"line":181,"column":18},"end":{"line":181,"column":61}},"70":{"start":{"line":181,"column":36},"end":{"line":181,"column":47}},"71":{"start":{"line":183,"column":21},"end":{"line":186,"column":8}},"72":{"start":{"line":184,"column":4},"end":{"line":184,"column":53}},"73":{"start":{"line":185,"column":4},"end":{"line":185,"column":23}},"74":{"start":{"line":188,"column":2},"end":{"line":188,"column":80}}},"fnMap":{"0":{"name":"postSaleToAPI","decl":{"start":{"line":38,"column":15},"end":{"line":38,"column":28}},"loc":{"start":{"line":38,"column":63},"end":{"line":52,"column":1}},"line":38},"1":{"name":"loadQueue","decl":{"start":{"line":56,"column":15},"end":{"line":56,"column":24}},"loc":{"start":{"line":56,"column":49},"end":{"line":63,"column":1}},"line":56},"2":{"name":"saveQueue","decl":{"start":{"line":65,"column":15},"end":{"line":65,"column":24}},"loc":{"start":{"line":65,"column":60},"end":{"line":67,"column":1}},"line":65},"3":{"name":"useSyncQueue","decl":{"start":{"line":71,"column":16},"end":{"line":71,"column":28}},"loc":{"start":{"line":71,"column":51},"end":{"line":189,"column":1}},"line":71},"4":{"name":"(anonymous_4)","decl":{"start":{"line":80,"column":12},"end":{"line":80,"column":13}},"loc":{"start":{"line":80,"column":18},"end":{"line":84,"column":3}},"line":80},"5":{"name":"(anonymous_5)","decl":{"start":{"line":81,"column":21},"end":{"line":81,"column":22}},"loc":{"start":{"line":81,"column":28},"end":{"line":83,"column":5}},"line":81},"6":{"name":"(anonymous_6)","decl":{"start":{"line":82,"column":31},"end":{"line":82,"column":32}},"loc":{"start":{"line":82,"column":38},"end":{"line":82,"column":60}},"line":82},"7":{"name":"(anonymous_7)","decl":{"start":{"line":87,"column":32},"end":{"line":87,"column":33}},"loc":{"start":{"line":87,"column":59},"end":{"line":141,"column":3}},"line":87},"8":{"name":"(anonymous_8)","decl":{"start":{"line":95,"column":8},"end":{"line":95,"column":9}},"loc":{"start":{"line":95,"column":18},"end":{"line":95,"column":73}},"line":95},"9":{"name":"(anonymous_9)","decl":{"start":{"line":104,"column":10},"end":{"line":104,"column":11}},"loc":{"start":{"line":104,"column":17},"end":{"line":104,"column":43}},"line":104},"10":{"name":"(anonymous_10)","decl":{"start":{"line":129,"column":34},"end":{"line":129,"column":35}},"loc":{"start":{"line":129,"column":43},"end":{"line":129,"column":82}},"line":129},"11":{"name":"(anonymous_11)","decl":{"start":{"line":129,"column":54},"end":{"line":129,"column":55}},"loc":{"start":{"line":129,"column":60},"end":{"line":129,"column":65}},"line":129},"12":{"name":"(anonymous_12)","decl":{"start":{"line":135,"column":26},"end":{"line":135,"column":27}},"loc":{"start":{"line":135,"column":33},"end":{"line":135,"column":55}},"line":135},"13":{"name":"(anonymous_13)","decl":{"start":{"line":144,"column":12},"end":{"line":144,"column":13}},"loc":{"start":{"line":144,"column":18},"end":{"line":157,"column":3}},"line":144},"14":{"name":"(anonymous_14)","decl":{"start":{"line":145,"column":49},"end":{"line":145,"column":50}},"loc":{"start":{"line":145,"column":74},"end":{"line":154,"column":5}},"line":145},"15":{"name":"(anonymous_15)","decl":{"start":{"line":156,"column":11},"end":{"line":156,"column":12}},"loc":{"start":{"line":156,"column":17},"end":{"line":156,"column":30}},"line":156},"16":{"name":"(anonymous_16)","decl":{"start":{"line":161,"column":4},"end":{"line":161,"column":5}},"loc":{"start":{"line":161,"column":48},"end":{"line":176,"column":5}},"line":161},"17":{"name":"(anonymous_17)","decl":{"start":{"line":170,"column":42},"end":{"line":170,"column":43}},"loc":{"start":{"line":170,"column":49},"end":{"line":170,"column":71}},"line":170},"18":{"name":"(anonymous_18)","decl":{"start":{"line":181,"column":30},"end":{"line":181,"column":31}},"loc":{"start":{"line":181,"column":36},"end":{"line":181,"column":47}},"line":181},"19":{"name":"(anonymous_19)","decl":{"start":{"line":183,"column":33},"end":{"line":183,"column":34}},"loc":{"start":{"line":183,"column":60},"end":{"line":186,"column":3}},"line":183}},"branchMap":{"0":{"loc":{"start":{"line":48,"column":2},"end":{"line":51,"column":3}},"type":"if","locations":[{"start":{"line":48,"column":2},"end":{"line":51,"column":3}},{"start":{},"end":{}}],"line":48},"1":{"loc":{"start":{"line":59,"column":11},"end":{"line":59,"column":54}},"type":"cond-expr","locations":[{"start":{"line":59,"column":18},"end":{"line":59,"column":48}},{"start":{"line":59,"column":52},"end":{"line":59,"column":54}}],"line":59},"2":{"loc":{"start":{"line":88,"column":4},"end":{"line":88,"column":35}},"type":"if","locations":[{"start":{"line":88,"column":4},"end":{"line":88,"column":35}},{"start":{},"end":{}}],"line":88},"3":{"loc":{"start":{"line":95,"column":18},"end":{"line":95,"column":73}},"type":"binary-expr","locations":[{"start":{"line":95,"column":18},"end":{"line":95,"column":43}},{"start":{"line":95,"column":47},"end":{"line":95,"column":73}}],"line":95},"4":{"loc":{"start":{"line":98,"column":6},"end":{"line":98,"column":39}},"type":"if","locations":[{"start":{"line":98,"column":6},"end":{"line":98,"column":39}},{"start":{},"end":{}}],"line":98},"5":{"loc":{"start":{"line":122,"column":20},"end":{"line":122,"column":68}},"type":"cond-expr","locations":[{"start":{"line":122,"column":48},"end":{"line":122,"column":56}},{"start":{"line":122,"column":59},"end":{"line":122,"column":68}}],"line":122},"6":{"loc":{"start":{"line":147,"column":8},"end":{"line":147,"column":72}},"type":"binary-expr","locations":[{"start":{"line":147,"column":8},"end":{"line":147,"column":34}},{"start":{"line":147,"column":38},"end":{"line":147,"column":72}}],"line":147},"7":{"loc":{"start":{"line":151,"column":6},"end":{"line":153,"column":7}},"type":"if","locations":[{"start":{"line":151,"column":6},"end":{"line":153,"column":7}},{"start":{},"end":{}}],"line":151},"8":{"loc":{"start":{"line":173,"column":6},"end":{"line":175,"column":7}},"type":"if","locations":[{"start":{"line":173,"column":6},"end":{"line":175,"column":7}},{"start":{},"end":{}}],"line":173}},"s":{"0":1,"1":1,"2":1,"3":1,"4":0,"5":0,"6":0,"7":10,"8":10,"9":10,"10":0,"11":2,"12":11,"13":11,"14":11,"15":11,"16":11,"17":5,"18":5,"19":0,"20":11,"21":4,"22":0,"23":4,"24":4,"25":4,"26":4,"27":4,"28":1,"29":4,"30":3,"31":1,"32":1,"33":1,"34":1,"35":1,"36":1,"37":1,"38":1,"39":0,"40":0,"41":0,"42":0,"43":0,"44":0,"45":0,"46":0,"47":0,"48":0,"49":0,"50":3,"51":3,"52":11,"53":5,"54":5,"55":5,"56":5,"57":3,"58":5,"59":5,"60":11,"61":1,"62":1,"63":1,"64":1,"65":1,"66":1,"67":1,"68":1,"69":11,"70":0,"71":11,"72":1,"73":1,"74":11},"f":{"0":1,"1":10,"2":2,"3":11,"4":5,"5":5,"6":0,"7":4,"8":1,"9":1,"10":0,"11":0,"12":0,"13":5,"14":5,"15":5,"16":1,"17":1,"18":0,"19":1},"b":{"0":[0,0],"1":[1,9],"2":[0,4],"3":[1,1],"4":[3,1],"5":[0,0],"6":[5,3],"7":[3,2],"8":[1,0]},"_coverageSchema":"1a1c01bbd47fc00a2c39e90264f33305004495a9","hash":"72545876695eb906c4d699e4b46b25cc79560484"}
}
