TN:
SF:src\salesForm.schema.ts
FN:137,(anonymous_0)
FN:142,(anonymous_1)
FN:149,(anonymous_2)
FN:195,(anonymous_3)
FNF:4
FNH:4
FNDA:8,(anonymous_0)
FNDA:9,(anonymous_1)
FNDA:9,(anonymous_2)
FNDA:6,(anonymous_3)
DA:45,1
DA:49,1
DA:56,1
DA:137,8
DA:139,1
DA:142,9
DA:150,9
DA:151,7
DA:155,1
DA:180,1
DA:184,1
DA:195,1
DA:199,6
DA:200,3
LF:14
LH:14
BRDA:142,0,0,2
BRDA:142,0,1,7
BRDA:150,1,0,2
BRDA:150,1,1,7
BRDA:199,2,0,3
BRDA:199,2,1,3
BRDA:199,3,0,6
BRDA:199,3,1,4
BRF:8
BRH:8
end_of_record
TN:
SF:src\useSyncQueue.ts
FN:38,postSaleToAPI
FN:56,loadQueue
FN:65,saveQueue
FN:71,useSyncQueue
FN:80,(anonymous_4)
FN:81,(anonymous_5)
FN:82,(anonymous_6)
FN:87,(anonymous_7)
FN:95,(anonymous_8)
FN:104,(anonymous_9)
FN:129,(anonymous_10)
FN:129,(anonymous_11)
FN:135,(anonymous_12)
FN:144,(anonymous_13)
FN:145,(anonymous_14)
FN:156,(anonymous_15)
FN:161,(anonymous_16)
FN:170,(anonymous_17)
FN:181,(anonymous_18)
FN:183,(anonymous_19)
FNF:20
FNH:15
FNDA:1,postSaleToAPI
FNDA:10,loadQueue
FNDA:2,saveQueue
FNDA:11,useSyncQueue
FNDA:5,(anonymous_4)
FNDA:5,(anonymous_5)
FNDA:0,(anonymous_6)
FNDA:4,(anonymous_7)
FNDA:1,(anonymous_8)
FNDA:1,(anonymous_9)
FNDA:0,(anonymous_10)
FNDA:0,(anonymous_11)
FNDA:0,(anonymous_12)
FNDA:5,(anonymous_13)
FNDA:5,(anonymous_14)
FNDA:5,(anonymous_15)
FNDA:1,(anonymous_16)
FNDA:1,(anonymous_17)
FNDA:0,(anonymous_18)
FNDA:1,(anonymous_19)
DA:32,1
DA:33,1
DA:34,1
DA:39,1
DA:48,0
DA:49,0
DA:50,0
DA:57,10
DA:58,10
DA:59,10
DA:61,0
DA:66,2
DA:72,11
DA:73,11
DA:74,11
DA:77,11
DA:80,11
DA:81,5
DA:82,5
DA:87,11
DA:88,4
DA:89,4
DA:90,4
DA:92,4
DA:93,4
DA:94,4
DA:95,1
DA:98,4
DA:100,1
DA:102,1
DA:103,1
DA:104,1
DA:108,1
DA:109,1
DA:111,1
DA:112,1
DA:115,0
DA:116,0
DA:119,0
DA:120,0
DA:126,0
DA:129,0
DA:133,0
DA:134,0
DA:135,0
DA:138,3
DA:139,3
DA:144,11
DA:145,5
DA:147,5
DA:148,5
DA:151,5
DA:152,3
DA:156,5
DA:160,11
DA:162,1
DA:163,1
DA:168,1
DA:169,1
DA:170,1
DA:173,1
DA:174,1
DA:181,11
DA:183,11
DA:184,1
DA:185,1
DA:188,11
LF:67
LH:54
BRDA:48,0,0,0
BRDA:48,0,1,0
BRDA:59,1,0,1
BRDA:59,1,1,9
BRDA:88,2,0,0
BRDA:88,2,1,4
BRDA:95,3,0,1
BRDA:95,3,1,1
BRDA:98,4,0,3
BRDA:98,4,1,1
BRDA:122,5,0,0
BRDA:122,5,1,0
BRDA:147,6,0,5
BRDA:147,6,1,3
BRDA:151,7,0,3
BRDA:151,7,1,2
BRDA:173,8,0,1
BRDA:173,8,1,0
BRF:18
BRH:12
end_of_record
